Build started 12/12/2014 1:43:51 AM.
     1>Project "C:\For GitHub\Mortgage Calculator\Mortgage Calculator\Mortgage Calculator\Mortgage Calculator.vcxproj" on node 2 (build target(s)).
     1>InitializeBuildStatus:
         Touching "Debug\Mortgage Calculator.unsuccessfulbuild".
       ClCompile:
         C:\Program Files (x86)\Microsoft Visual Studio 10.0\VC\bin\CL.exe /c /ZI /nologo /W3 /WX- /Od /Oy- /D _MBCS /Gm /EHsc /RTC1 /MDd /GS /fp:precise /Zc:wchar_t /Zc:forScope /Fo"Debug\\" /Fd"Debug\vc100.pdb" /Gd /TP /analyze- /errorReport:prompt "Mortgage Calculator.cpp"
         Mortgage Calculator.cpp
     1>c:\for github\mortgage calculator\mortgage calculator\mortgage calculator\mortgage calculator.cpp(27): warning C4244: 'initializing' : conversion from 'double' to 'int', possible loss of data
     1>c:\for github\mortgage calculator\mortgage calculator\mortgage calculator\mortgage calculator.cpp(28): warning C4244: 'initializing' : conversion from 'double' to 'float', possible loss of data
     1>c:\for github\mortgage calculator\mortgage calculator\mortgage calculator\mortgage calculator.cpp(29): warning C4244: 'initializing' : conversion from 'double' to 'float', possible loss of data
     1>c:\for github\mortgage calculator\mortgage calculator\mortgage calculator\mortgage calculator.cpp(35): warning C4244: '=' : conversion from 'double' to 'float', possible loss of data
     1>c:\for github\mortgage calculator\mortgage calculator\mortgage calculator\mortgage calculator.cpp(42): warning C4717: 'GetStuff' : recursive on all control paths, function will cause runtime stack overflow
       Link:
         C:\Program Files (x86)\Microsoft Visual Studio 10.0\VC\bin\link.exe /ERRORREPORT:PROMPT /OUT:"C:\For GitHub\Mortgage Calculator\Mortgage Calculator\Mortgage Calculator\Debug\Mortgage Calculator.exe" /NOLOGO kernel32.lib user32.lib gdi32.lib winspool.lib comdlg32.lib advapi32.lib shell32.lib ole32.lib oleaut32.lib uuid.lib odbc32.lib odbccp32.lib /MANIFEST /ManifestFile:"Debug\Mortgage Calculator.exe.intermediate.manifest" /MANIFESTUAC:"level='asInvoker' uiAccess='false'" /DEBUG /PDB:"C:\For GitHub\Mortgage Calculator\Mortgage Calculator\Mortgage Calculator\Debug\Mortgage Calculator.pdb" /TLBID:1 /DYNAMICBASE /NXCOMPAT /IMPLIB:"C:\For GitHub\Mortgage Calculator\Mortgage Calculator\Mortgage Calculator\Debug\Mortgage Calculator.lib" /MACHINE:X86 "Debug\Mortgage Calculator.obj"
         LINK : C:\For GitHub\Mortgage Calculator\Mortgage Calculator\Mortgage Calculator\Debug\Mortgage Calculator.exe not found or not built by the last incremental link; performing full link
         Mortgage Calculator.vcxproj -> C:\For GitHub\Mortgage Calculator\Mortgage Calculator\Mortgage Calculator\Debug\Mortgage Calculator.exe
       Manifest:
         C:\Program Files (x86)\Microsoft SDKs\Windows\v7.0A\bin\mt.exe /nologo /verbose /outputresource:"C:\For GitHub\Mortgage Calculator\Mortgage Calculator\Mortgage Calculator\Debug\Mortgage Calculator.exe;#1" /manifest "Debug\Mortgage Calculator.exe.intermediate.manifest"
       FinalizeBuildStatus:
         Deleting file "Debug\Mortgage Calculator.unsuccessfulbuild".
         Touching "Debug\Mortgage Calculator.lastbuildstate".
     1>Done Building Project "C:\For GitHub\Mortgage Calculator\Mortgage Calculator\Mortgage Calculator\Mortgage Calculator.vcxproj" (build target(s)).

Build succeeded.

Time Elapsed 00:00:01.06
